<?xml version="1.0"?>
<testsuite name="Chrome Headless 99.0.4844.82 (Windows 10)" package="" timestamp="2022-03-24T16:02:04" id="0" hostname="CAMILO-ROZO" tests="13" errors="0" failures="0" time="0.461">
  <properties>
    <property name="browser.fullName" value="Mozilla/5.0 (Windows NT 10.0; Win64; x64) AppleWebKit/537.36 (KHTML, like Gecko) HeadlessChrome/99.0.4844.82 Safari/537.36"/>
  </properties>
  <testcase name="ListarReservaUsuarioComponent should create" time="0.142" classname="ListarReservaUsuarioComponent"/>
  <testcase name="ListarReservaComponent should create" time="0.04" classname="ListarReservaComponent"/>
  <testcase name="UsuarioService should be created" time="0.007" classname="UsuarioService"/>
  <testcase name="ListarUsuariosComponent should create" time="0.025" classname="ListarUsuariosComponent"/>
  <testcase name="VerificarUsuarioComponent should create" time="0.062" classname="VerificarUsuarioComponent"/>
  <testcase name="EliminarReservaComponent should create" time="0.029" classname="EliminarReservaComponent"/>
  <testcase name="RegistrarUsuarioComponent should create" time="0.057" classname="RegistrarUsuarioComponent"/>
  <testcase name="HacerReservaComponent should create" time="0.054" classname="HacerReservaComponent"/>
  <testcase name="ReservaService should be created" time="0.005" classname="ReservaService"/>
  <testcase name="MenuComponent should create" time="0.017" classname="MenuComponent"/>
  <testcase name="AppComponent should create the app" time="0.011" classname="AppComponent"/>
  <testcase name="AppComponent should have as title 'Discoteca'" time="0.008" classname="AppComponent"/>
  <testcase name="HttpService should be created" time="0.004" classname="HttpService"/>
  <system-out>
    <![CDATA[
]]>
  </system-out>
  <system-err/>
</testsuite>